<?xml version="1.0" encoding="UTF-8"?>
<testng-results ignored="0" total="1" passed="1" failed="0" skipped="0">
  <reporter-output>
  </reporter-output>
  <suite started-at="2023-10-04T10:45:42 IST" name="Suite" finished-at="2023-10-04T10:46:08 IST" duration-ms="26114">
    <groups>
      <group name="cucumber">
        <method signature="AbstractTestNGCucumberTests.runScenario(io.cucumber.testng.PickleWrapper,io.cucumber.testng.FeatureWrapper)[pri:0, instance:AppTestPack.AppRunnerTest@3e8c3cb]" name="runScenario" class="io.cucumber.testng.AbstractTestNGCucumberTests"/>
      </group> <!-- cucumber -->
    </groups>
    <test started-at="2023-10-04T10:45:42 IST" name="Test" finished-at="2023-10-04T10:46:08 IST" duration-ms="26114">
      <class name="AppTestPack.AppRunnerTest">
        <test-method is-config="true" signature="setUpClass(org.testng.ITestContext)[pri:0, instance:AppTestPack.AppRunnerTest@3e8c3cb]" started-at="2023-10-04T10:45:42 IST" name="setUpClass" finished-at="2023-10-04T10:45:43 IST" duration-ms="845" status="PASS">
          <params>
            <param index="0">
              <value>
                <![CDATA[org.testng.TestRunner@7fedb795]]>
              </value>
            </param>
          </params>
          <reporter-output>
          </reporter-output>
        </test-method> <!-- setUpClass -->
        <test-method signature="runScenario(io.cucumber.testng.PickleWrapper,io.cucumber.testng.FeatureWrapper)[pri:0, instance:AppTestPack.AppRunnerTest@3e8c3cb]" started-at="2023-10-04T10:45:43 IST" name="runScenario" description="Runs Cucumber Scenarios" data-provider="scenarios" finished-at="2023-10-04T10:46:04 IST" duration-ms="21582" status="PASS">
          <params>
            <param index="0">
              <value>
                <![CDATA["Login to app"]]>
              </value>
            </param>
            <param index="1">
              <value>
                <![CDATA["Home page functionlity"]]>
              </value>
            </param>
          </params>
          <reporter-output>
          </reporter-output>
        </test-method> <!-- runScenario -->
        <test-method is-config="true" signature="tearDownClass()[pri:0, instance:AppTestPack.AppRunnerTest@3e8c3cb]" started-at="2023-10-04T10:46:04 IST" name="tearDownClass" finished-at="2023-10-04T10:46:08 IST" duration-ms="3608" status="PASS">
          <reporter-output>
          </reporter-output>
        </test-method> <!-- tearDownClass -->
      </class> <!-- AppTestPack.AppRunnerTest -->
    </test> <!-- Test -->
  </suite> <!-- Suite -->
</testng-results>
