<?xml version="1.0" encoding="UTF-8"?>
<testsuite xmlns:xsi="http://www.w3.org/2001/XMLSchema-instance" xsi:noNamespaceSchemaLocation="https://maven.apache.org/surefire/maven-surefire-plugin/xsd/surefire-test-report-3.0.xsd" version="3.0" name="TestSuite" time="27.305" tests="1" errors="0" skipped="0" failures="0">
  <properties>
[...]
</properties>
  <testcase name="runScenario[&quot;Login to app&quot;, &quot;Home page functionlity&quot;](1)" classname="AppTestPack.AppRunnerTest" time="21.584">
    <system-out><![CDATA[
@functional
Scenario: Login to app                                          &amp#27;[90m# src/test/resources/AppTest/HomePage.feature:17&amp#27;[0m
  &amp#27;[32mGiven &amp#27;[0m&amp#27;[32mUser should be in landing page&amp#27;[0m                          &amp#27;[90m# AppTestPack.AppTestSteps.user_should_be_in_landing_page()&amp#27;[0m
  &amp#27;[32mWhen &amp#27;[0m&amp#27;[32mUser click on sign in button&amp#27;[0m                             &amp#27;[90m# AppTestPack.AppTestSteps.user_click_on_sign_in_button()&amp#27;[0m
  &amp#27;[32mAnd &amp#27;[0m&amp#27;[32mUser enter the username as &amp#27;[0m&amp#27;[32m&amp#27;[1m"vaibhavadamane2018@gmail.com"&amp#27;[0m &amp#27;[90m# AppTestPack.AppTestSteps.user_enter_the_username_as(java.lang.String)&amp#27;[0m
  &amp#27;[32mAnd &amp#27;[0m&amp#27;[32mUser enters password as &amp#27;[0m&amp#27;[32m&amp#27;[1m"8975688065"&amp#27;[0m&amp#27;[32m with Signin&amp#27;[0m          &amp#27;[90m# AppTestPack.AppTestSteps.user_enters_password_as_with_signin(java.lang.String)&amp#27;[0m
]]></system-out>
    <system-err><![CDATA[SLF4J: Failed to load class "org.slf4j.impl.StaticLoggerBinder".
SLF4J: Defaulting to no-operation (NOP) logger implementation
SLF4J: See http://www.slf4j.org/codes.html#StaticLoggerBinder for further details.
Oct 04, 2023 10:45:44 AM org.openqa.selenium.manager.SeleniumManager lambda$runCommand$1
INFO: Driver path: C:\Users\hp\.cache\selenium\chromedriver\win64\117.0.5938.92\chromedriver.exe
Oct 04, 2023 10:45:44 AM org.openqa.selenium.manager.SeleniumManager lambda$runCommand$1
INFO: Browser path: C:\Program Files\Google\Chrome\Application\chrome.exe
Oct 04, 2023 10:45:46 AM org.openqa.selenium.devtools.CdpVersionFinder findNearestMatch
WARNING: Unable to find an exact match for CDP version 117, so returning the closest version found: 116
]]></system-err>
  </testcase>
</testsuite>