<?xml version="1.0" encoding="UTF-8"?>
<testng-results ignored="0" total="1" passed="1" failed="0" skipped="0">
  <reporter-output>
  </reporter-output>
  <suite started-at="2023-10-04T11:18:25 IST" name="Default suite" finished-at="2023-10-04T11:18:53 IST" duration-ms="27327">
    <groups>
      <group name="cucumber">
        <method signature="AbstractTestNGCucumberTests.runScenario(io.cucumber.testng.PickleWrapper,io.cucumber.testng.FeatureWrapper)[pri:0, instance:AppTestPack.AppRunnerTest@3e08ff24]" name="runScenario" class="io.cucumber.testng.AbstractTestNGCucumberTests"/>
      </group> <!-- cucumber -->
    </groups>
    <test started-at="2023-10-04T11:18:25 IST" name="Default test" finished-at="2023-10-04T11:18:53 IST" duration-ms="27327">
      <class name="AppTestPack.AppRunnerTest">
        <test-method is-config="true" signature="setUpClass(org.testng.ITestContext)[pri:0, instance:AppTestPack.AppRunnerTest@3e08ff24]" started-at="2023-10-04T11:18:25 IST" name="setUpClass" finished-at="2023-10-04T11:18:26 IST" duration-ms="931" status="PASS">
          <params>
            <param index="0">
              <value>
                <![CDATA[org.testng.TestRunner@65514add]]>
              </value>
            </param>
          </params>
          <reporter-output>
          </reporter-output>
        </test-method> <!-- setUpClass -->
        <test-method signature="runScenario(io.cucumber.testng.PickleWrapper,io.cucumber.testng.FeatureWrapper)[pri:0, instance:AppTestPack.AppRunnerTest@3e08ff24]" started-at="2023-10-04T11:18:26 IST" name="runScenario" description="Runs Cucumber Scenarios" data-provider="scenarios" finished-at="2023-10-04T11:18:49 IST" duration-ms="22683" status="PASS">
          <params>
            <param index="0">
              <value>
                <![CDATA["Valide Title"]]>
              </value>
            </param>
            <param index="1">
              <value>
                <![CDATA["Home page functionlity"]]>
              </value>
            </param>
          </params>
          <reporter-output>
          </reporter-output>
        </test-method> <!-- runScenario -->
        <test-method is-config="true" signature="tearDownClass()[pri:0, instance:AppTestPack.AppRunnerTest@3e08ff24]" started-at="2023-10-04T11:18:49 IST" name="tearDownClass" finished-at="2023-10-04T11:18:53 IST" duration-ms="3622" status="PASS">
          <reporter-output>
          </reporter-output>
        </test-method> <!-- tearDownClass -->
      </class> <!-- AppTestPack.AppRunnerTest -->
    </test> <!-- Default test -->
  </suite> <!-- Default suite -->
</testng-results>
